{"name":"feature","status":"broken","statusDetails":{"known":false,"muted":false,"flaky":false,"message":"org.openqa.selenium.WebDriverException: unknown error: unable to discover open pages\nBuild info: version: '3.11.0', revision: 'e59cfb3', time: '2018-03-11T20:26:55.152Z'\nSystem info: host: 'Kehindes-MacBook-Pro.local', ip: '192.168.1.103', os.name: 'Mac OS X', os.arch: 'x86_64', os.version: '10.13.6', java.version: '10.0.2'\nDriver info: driver.version: ChromeDriver\nremote stacktrace: 0   chromedriver                        0x00000001027848e9 chromedriver + 3594473\n1   chromedriver                        0x0000000102714543 chromedriver + 3134787\n2   chromedriver                        0x00000001024c029f chromedriver + 692895\n3   chromedriver                        0x000000010242e8d2 chromedriver + 96466\n4   chromedriver                        0x000000010242a7d8 chromedriver + 79832\n5   chromedriver                        0x00000001024566db chromedriver + 259803\n6   chromedriver                        0x0000000102453d13 chromedriver + 249107\n7   chromedriver                        0x000000010243078a chromedriver + 104330\n8   chromedriver                        0x00000001024317d5 chromedriver + 108501\n9   chromedriver                        0x0000000102743555 chromedriver + 3327317\n10  chromedriver                        0x000000010274ee60 chromedriver + 3374688\n11  chromedriver                        0x000000010274ebf8 chromedriver + 3374072\n12  chromedriver                        0x0000000102722d39 chromedriver + 3194169\n13  chromedriver                        0x000000010274f6d8 chromedriver + 3376856\n14  chromedriver                        0x0000000102736f27 chromedriver + 3276583\n15  chromedriver                        0x000000010276c064 chromedriver + 3493988\n16  chromedriver                        0x000000010278a617 chromedriver + 3618327\n17  libsystem_pthread.dylib             0x00007fff723c4661 _pthread_body + 340\n18  libsystem_pthread.dylib             0x00007fff723c450d _pthread_body + 0\n19  libsystem_pthread.dylib             0x00007fff723c3bf9 thread_start + 13\n","trace":"cucumber.runtime.CucumberException: org.openqa.selenium.WebDriverException: unknown error: unable to discover open pages\nBuild info: version: '3.11.0', revision: 'e59cfb3', time: '2018-03-11T20:26:55.152Z'\nSystem info: host: 'Kehindes-MacBook-Pro.local', ip: '192.168.1.103', os.name: 'Mac OS X', os.arch: 'x86_64', os.version: '10.13.6', java.version: '10.0.2'\nDriver info: driver.version: ChromeDriver\nremote stacktrace: 0   chromedriver                        0x00000001027848e9 chromedriver + 3594473\n1   chromedriver                        0x0000000102714543 chromedriver + 3134787\n2   chromedriver                        0x00000001024c029f chromedriver + 692895\n3   chromedriver                        0x000000010242e8d2 chromedriver + 96466\n4   chromedriver                        0x000000010242a7d8 chromedriver + 79832\n5   chromedriver                        0x00000001024566db chromedriver + 259803\n6   chromedriver                        0x0000000102453d13 chromedriver + 249107\n7   chromedriver                        0x000000010243078a chromedriver + 104330\n8   chromedriver                        0x00000001024317d5 chromedriver + 108501\n9   chromedriver                        0x0000000102743555 chromedriver + 3327317\n10  chromedriver                        0x000000010274ee60 chromedriver + 3374688\n11  chromedriver                        0x000000010274ebf8 chromedriver + 3374072\n12  chromedriver                        0x0000000102722d39 chromedriver + 3194169\n13  chromedriver                        0x000000010274f6d8 chromedriver + 3376856\n14  chromedriver                        0x0000000102736f27 chromedriver + 3276583\n15  chromedriver                        0x000000010276c064 chromedriver + 3493988\n16  chromedriver                        0x000000010278a617 chromedriver + 3618327\n17  libsystem_pthread.dylib             0x00007fff723c4661 _pthread_body + 340\n18  libsystem_pthread.dylib             0x00007fff723c450d _pthread_body + 0\n19  libsystem_pthread.dylib             0x00007fff723c3bf9 thread_start + 13\n\n\tat cucumber.api.testng.TestNGCucumberRunner.runCucumber(TestNGCucumberRunner.java:69)\n\tat com.fblogin.testrunner.TestRunners.feature(TestRunners.java:35)\n\tat java.base/jdk.internal.reflect.NativeMethodAccessorImpl.invoke0(Native Method)\n\tat java.base/jdk.internal.reflect.NativeMethodAccessorImpl.invoke(NativeMethodAccessorImpl.java:62)\n\tat java.base/jdk.internal.reflect.DelegatingMethodAccessorImpl.invoke(DelegatingMethodAccessorImpl.java:43)\n\tat java.base/java.lang.reflect.Method.invoke(Method.java:564)\n\tat org.testng.internal.MethodInvocationHelper.invokeMethod(MethodInvocationHelper.java:124)\n\tat org.testng.internal.Invoker.invokeMethod(Invoker.java:583)\n\tat org.testng.internal.Invoker.invokeTestMethod(Invoker.java:719)\n\tat org.testng.internal.Invoker.invokeTestMethods(Invoker.java:989)\n\tat org.testng.internal.TestMethodWorker.invokeTestMethods(TestMethodWorker.java:125)\n\tat org.testng.internal.TestMethodWorker.run(TestMethodWorker.java:109)\n\tat org.testng.TestRunner.privateRun(TestRunner.java:648)\n\tat org.testng.TestRunner.run(TestRunner.java:505)\n\tat org.testng.SuiteRunner.runTest(SuiteRunner.java:455)\n\tat org.testng.SuiteRunner.runSequentially(SuiteRunner.java:450)\n\tat org.testng.SuiteRunner.privateRun(SuiteRunner.java:415)\n\tat org.testng.SuiteRunner.run(SuiteRunner.java:364)\n\tat org.testng.SuiteRunnerWorker.runSuite(SuiteRunnerWorker.java:52)\n\tat org.testng.SuiteRunnerWorker.run(SuiteRunnerWorker.java:84)\n\tat org.testng.TestNG.runSuitesSequentially(TestNG.java:1208)\n\tat org.testng.TestNG.runSuitesLocally(TestNG.java:1137)\n\tat org.testng.TestNG.runSuites(TestNG.java:1049)\n\tat org.testng.TestNG.run(TestNG.java:1017)\n\tat org.testng.IDEARemoteTestNG.run(IDEARemoteTestNG.java:73)\n\tat org.testng.RemoteTestNGStarter.main(RemoteTestNGStarter.java:123)\nCaused by: org.openqa.selenium.WebDriverException: unknown error: unable to discover open pages\nBuild info: version: '3.11.0', revision: 'e59cfb3', time: '2018-03-11T20:26:55.152Z'\nSystem info: host: 'Kehindes-MacBook-Pro.local', ip: '192.168.1.103', os.name: 'Mac OS X', os.arch: 'x86_64', os.version: '10.13.6', java.version: '10.0.2'\nDriver info: driver.version: ChromeDriver\nremote stacktrace: 0   chromedriver                        0x00000001027848e9 chromedriver + 3594473\n1   chromedriver                        0x0000000102714543 chromedriver + 3134787\n2   chromedriver                        0x00000001024c029f chromedriver + 692895\n3   chromedriver                        0x000000010242e8d2 chromedriver + 96466\n4   chromedriver                        0x000000010242a7d8 chromedriver + 79832\n5   chromedriver                        0x00000001024566db chromedriver + 259803\n6   chromedriver                        0x0000000102453d13 chromedriver + 249107\n7   chromedriver                        0x000000010243078a chromedriver + 104330\n8   chromedriver                        0x00000001024317d5 chromedriver + 108501\n9   chromedriver                        0x0000000102743555 chromedriver + 3327317\n10  chromedriver                        0x000000010274ee60 chromedriver + 3374688\n11  chromedriver                        0x000000010274ebf8 chromedriver + 3374072\n12  chromedriver                        0x0000000102722d39 chromedriver + 3194169\n13  chromedriver                        0x000000010274f6d8 chromedriver + 3376856\n14  chromedriver                        0x0000000102736f27 chromedriver + 3276583\n15  chromedriver                        0x000000010276c064 chromedriver + 3493988\n16  chromedriver                        0x000000010278a617 chromedriver + 3618327\n17  libsystem_pthread.dylib             0x00007fff723c4661 _pthread_body + 340\n18  libsystem_pthread.dylib             0x00007fff723c450d _pthread_body + 0\n19  libsystem_pthread.dylib             0x00007fff723c3bf9 thread_start + 13\n\n\tat java.base/jdk.internal.reflect.NativeConstructorAccessorImpl.newInstance0(Native Method)\n\tat java.base/jdk.internal.reflect.NativeConstructorAccessorImpl.newInstance(NativeConstructorAccessorImpl.java:62)\n\tat java.base/jdk.internal.reflect.DelegatingConstructorAccessorImpl.newInstance(DelegatingConstructorAccessorImpl.java:45)\n\tat java.base/java.lang.reflect.Constructor.newInstance(Constructor.java:488)\n\tat org.openqa.selenium.remote.W3CHandshakeResponse.lambda$new$0(W3CHandshakeResponse.java:57)\n\tat org.openqa.selenium.remote.W3CHandshakeResponse.lambda$getResponseFunction$2(W3CHandshakeResponse.java:104)\n\tat org.openqa.selenium.remote.ProtocolHandshake.lambda$createSession$0(ProtocolHandshake.java:123)\n\tat java.base/java.util.stream.ReferencePipeline$3$1.accept(ReferencePipeline.java:195)\n\tat java.base/java.util.Spliterators$ArraySpliterator.tryAdvance(Spliterators.java:958)\n\tat java.base/java.util.stream.ReferencePipeline.forEachWithCancel(ReferencePipeline.java:127)\n\tat java.base/java.util.stream.AbstractPipeline.copyIntoWithCancel(AbstractPipeline.java:502)\n\tat java.base/java.util.stream.AbstractPipeline.copyInto(AbstractPipeline.java:488)\n\tat java.base/java.util.stream.AbstractPipeline.wrapAndCopyInto(AbstractPipeline.java:474)\n\tat java.base/java.util.stream.FindOps$FindOp.evaluateSequential(FindOps.java:150)\n\tat java.base/java.util.stream.AbstractPipeline.evaluate(AbstractPipeline.java:234)\n\tat java.base/java.util.stream.ReferencePipeline.findFirst(ReferencePipeline.java:543)\n\tat org.openqa.selenium.remote.ProtocolHandshake.createSession(ProtocolHandshake.java:126)\n\tat org.openqa.selenium.remote.ProtocolHandshake.createSession(ProtocolHandshake.java:73)\n\tat org.openqa.selenium.remote.HttpCommandExecutor.execute(HttpCommandExecutor.java:136)\n\tat org.openqa.selenium.remote.service.DriverCommandExecutor.execute(DriverCommandExecutor.java:83)\n\tat org.openqa.selenium.remote.RemoteWebDriver.execute(RemoteWebDriver.java:545)\n\tat org.openqa.selenium.remote.RemoteWebDriver.startSession(RemoteWebDriver.java:209)\n\tat org.openqa.selenium.remote.RemoteWebDriver.<init>(RemoteWebDriver.java:132)\n\tat org.openqa.selenium.chrome.ChromeDriver.<init>(ChromeDriver.java:181)\n\tat org.openqa.selenium.chrome.ChromeDriver.<init>(ChromeDriver.java:168)\n\tat org.openqa.selenium.chrome.ChromeDriver.<init>(ChromeDriver.java:123)\n\tat com.fblogin.tests.init.Init.initProperties(Init.java:26)\n\tat com.fblogin.stepsdefinition.SpringboardStepDefinition.i_navigate_to_https_springboardretail_github_io_qa_recruiting(SpringboardStepDefinition.java:23)\n\tat âœ½.When I navigate to https://springboardretail.github.io/qa-recruiting/(Srpingboard.feature:5)\n"},"stage":"finished","steps":[],"attachments":[],"parameters":[{"name":"arg0","value":"Springboard page https://springboardretail.github.io/qa-recruiting/"}],"start":1560490569429,"stop":1560490664370,"uuid":"2d4ea60b-e31b-469c-a8bd-7d0959a31c04","historyId":"a1440eb994bb0cdfc9e72af7f26779aa","fullName":"com.fblogin.testrunner.TestRunners.feature","labels":[{"name":"package","value":"com.fblogin.testrunner.TestRunners"},{"name":"testClass","value":"com.fblogin.testrunner.TestRunners"},{"name":"testMethod","value":"feature"},{"name":"parentSuite","value":"All Test Suite"},{"name":"suite","value":"/Users/kehindeadeoya/Documents/projects/FBLogin/src/com/fblogin/testrunner/TestRunner.java"},{"name":"subSuite","value":"com.fblogin.testrunner.TestRunners"},{"name":"host","value":"Kehindes-MacBook-Pro.local"},{"name":"thread","value":"5153@Kehindes-MacBook-Pro.local.main(1)"},{"name":"framework","value":"testng"},{"name":"language","value":"java"}],"links":[]}