{"name":"feature","status":"broken","statusDetails":{"known":false,"muted":false,"flaky":false,"message":"org.openqa.selenium.SessionNotCreatedException: session not created\nfrom disconnected: received Inspector.detached event\n  (Session info: chrome=75.0.3770.90)\nBuild info: version: '3.11.0', revision: 'e59cfb3', time: '2018-03-11T20:26:55.152Z'\nSystem info: host: 'Kehindes-MacBook-Pro.local', ip: '192.168.1.103', os.name: 'Mac OS X', os.arch: 'x86_64', os.version: '10.13.6', java.version: '10.0.2'\nDriver info: driver.version: ChromeDriver\nremote stacktrace: 0   chromedriver                        0x000000010471d8e9 chromedriver + 3594473\n1   chromedriver                        0x00000001046ad543 chromedriver + 3134787\n2   chromedriver                        0x000000010445929f chromedriver + 692895\n3   chromedriver                        0x000000010444caf2 chromedriver + 641778\n4   chromedriver                        0x000000010444c54b chromedriver + 640331\n5   chromedriver                        0x000000010444c28f chromedriver + 639631\n6   chromedriver                        0x000000010444b67e chromedriver + 636542\n7   chromedriver                        0x000000010444af8b chromedriver + 634763\n8   chromedriver                        0x000000010444af52 chromedriver + 634706\n9   chromedriver                        0x0000000104456af2 chromedriver + 682738\n10  chromedriver                        0x000000010444aefb chromedriver + 634619\n11  chromedriver                        0x000000010444bec2 chromedriver + 638658\n12  chromedriver                        0x000000010444b67e chromedriver + 636542\n13  chromedriver                        0x000000010444af8b chromedriver + 634763\n14  chromedriver                        0x000000010444af52 chromedriver + 634706\n15  chromedriver                        0x00000001044547a1 chromedriver + 673697\n16  chromedriver                        0x000000010444aefb chromedriver + 634619\n17  chromedriver                        0x000000010444bec2 chromedriver + 638658\n18  chromedriver                        0x000000010444b67e chromedriver + 636542\n19  chromedriver                        0x000000010444af8b chromedriver + 634763\n20  chromedriver                        0x000000010444af52 chromedriver + 634706\n21  chromedriver                        0x0000000104451b77 chromedriver + 662391\n22  chromedriver                        0x000000010444aefb chromedriver + 634619\n23  chromedriver                        0x000000010444bec2 chromedriver + 638658\n24  chromedriver                        0x000000010444b67e chromedriver + 636542\n25  chromedriver                        0x000000010444af8b chromedriver + 634763\n26  chromedriver                        0x000000010444af52 chromedriver + 634706\n27  chromedriver                        0x0000000104450fea chromedriver + 659434\n28  chromedriver                        0x000000010444aefb chromedriver + 634619\n29  chromedriver                        0x000000010444bec2 chromedriver + 638658\n30  chromedriver                        0x000000010444b67e chromedriver + 636542\n31  chromedriver                        0x000000010444af8b chromedriver + 634763\n32  chromedriver                        0x000000010444af52 chromedriver + 634706\n33  chromedriver                        0x0000000104445fd0 chromedriver + 614352\n34  chromedriver                        0x000000010444aefb chromedriver + 634619\n35  chromedriver                        0x000000010444ad63 chromedriver + 634211\n36  chromedriver                        0x000000010445a803 chromedriver + 698371\n37  chromedriver                        0x00000001043f00da chromedriver + 262362\n38  chromedriver                        0x00000001043ecd13 chromedriver + 249107\n39  chromedriver                        0x00000001043c978a chromedriver + 104330\n40  chromedriver                        0x00000001043ca7d5 chromedriver + 108501\n41  chromedriver                        0x00000001046dc555 chromedriver + 3327317\n42  chromedriver                        0x00000001046e7e60 chromedriver + 3374688\n43  chromedriver                        0x00000001046e7bf8 chromedriver + 3374072\n44  chromedriver                        0x00000001046bbd39 chromedriver + 3194169\n45  chromedriver                        0x00000001046e86d8 chromedriver + 3376856\n46  chromedriver                        0x00000001046cff27 chromedriver + 3276583\n47  chromedriver                        0x0000000104705064 chromedriver + 3493988\n48  chromedriver                        0x0000000104723617 chromedriver + 3618327\n49  libsystem_pthread.dylib             0x00007fff723c4661 _pthread_body + 340\n50  libsystem_pthread.dylib             0x00007fff723c450d _pthread_body + 0\n51  libsystem_pthread.dylib             0x00007fff723c3bf9 thread_start + 13\n","trace":"cucumber.runtime.CucumberException: org.openqa.selenium.SessionNotCreatedException: session not created\nfrom disconnected: received Inspector.detached event\n  (Session info: chrome=75.0.3770.90)\nBuild info: version: '3.11.0', revision: 'e59cfb3', time: '2018-03-11T20:26:55.152Z'\nSystem info: host: 'Kehindes-MacBook-Pro.local', ip: '192.168.1.103', os.name: 'Mac OS X', os.arch: 'x86_64', os.version: '10.13.6', java.version: '10.0.2'\nDriver info: driver.version: ChromeDriver\nremote stacktrace: 0   chromedriver                        0x000000010471d8e9 chromedriver + 3594473\n1   chromedriver                        0x00000001046ad543 chromedriver + 3134787\n2   chromedriver                        0x000000010445929f chromedriver + 692895\n3   chromedriver                        0x000000010444caf2 chromedriver + 641778\n4   chromedriver                        0x000000010444c54b chromedriver + 640331\n5   chromedriver                        0x000000010444c28f chromedriver + 639631\n6   chromedriver                        0x000000010444b67e chromedriver + 636542\n7   chromedriver                        0x000000010444af8b chromedriver + 634763\n8   chromedriver                        0x000000010444af52 chromedriver + 634706\n9   chromedriver                        0x0000000104456af2 chromedriver + 682738\n10  chromedriver                        0x000000010444aefb chromedriver + 634619\n11  chromedriver                        0x000000010444bec2 chromedriver + 638658\n12  chromedriver                        0x000000010444b67e chromedriver + 636542\n13  chromedriver                        0x000000010444af8b chromedriver + 634763\n14  chromedriver                        0x000000010444af52 chromedriver + 634706\n15  chromedriver                        0x00000001044547a1 chromedriver + 673697\n16  chromedriver                        0x000000010444aefb chromedriver + 634619\n17  chromedriver                        0x000000010444bec2 chromedriver + 638658\n18  chromedriver                        0x000000010444b67e chromedriver + 636542\n19  chromedriver                        0x000000010444af8b chromedriver + 634763\n20  chromedriver                        0x000000010444af52 chromedriver + 634706\n21  chromedriver                        0x0000000104451b77 chromedriver + 662391\n22  chromedriver                        0x000000010444aefb chromedriver + 634619\n23  chromedriver                        0x000000010444bec2 chromedriver + 638658\n24  chromedriver                        0x000000010444b67e chromedriver + 636542\n25  chromedriver                        0x000000010444af8b chromedriver + 634763\n26  chromedriver                        0x000000010444af52 chromedriver + 634706\n27  chromedriver                        0x0000000104450fea chromedriver + 659434\n28  chromedriver                        0x000000010444aefb chromedriver + 634619\n29  chromedriver                        0x000000010444bec2 chromedriver + 638658\n30  chromedriver                        0x000000010444b67e chromedriver + 636542\n31  chromedriver                        0x000000010444af8b chromedriver + 634763\n32  chromedriver                        0x000000010444af52 chromedriver + 634706\n33  chromedriver                        0x0000000104445fd0 chromedriver + 614352\n34  chromedriver                        0x000000010444aefb chromedriver + 634619\n35  chromedriver                        0x000000010444ad63 chromedriver + 634211\n36  chromedriver                        0x000000010445a803 chromedriver + 698371\n37  chromedriver                        0x00000001043f00da chromedriver + 262362\n38  chromedriver                        0x00000001043ecd13 chromedriver + 249107\n39  chromedriver                        0x00000001043c978a chromedriver + 104330\n40  chromedriver                        0x00000001043ca7d5 chromedriver + 108501\n41  chromedriver                        0x00000001046dc555 chromedriver + 3327317\n42  chromedriver                        0x00000001046e7e60 chromedriver + 3374688\n43  chromedriver                        0x00000001046e7bf8 chromedriver + 3374072\n44  chromedriver                        0x00000001046bbd39 chromedriver + 3194169\n45  chromedriver                        0x00000001046e86d8 chromedriver + 3376856\n46  chromedriver                        0x00000001046cff27 chromedriver + 3276583\n47  chromedriver                        0x0000000104705064 chromedriver + 3493988\n48  chromedriver                        0x0000000104723617 chromedriver + 3618327\n49  libsystem_pthread.dylib             0x00007fff723c4661 _pthread_body + 340\n50  libsystem_pthread.dylib             0x00007fff723c450d _pthread_body + 0\n51  libsystem_pthread.dylib             0x00007fff723c3bf9 thread_start + 13\n\n\tat cucumber.api.testng.TestNGCucumberRunner.runCucumber(TestNGCucumberRunner.java:69)\n\tat com.fblogin.testrunner.TestRunners.feature(TestRunners.java:35)\n\tat java.base/jdk.internal.reflect.NativeMethodAccessorImpl.invoke0(Native Method)\n\tat java.base/jdk.internal.reflect.NativeMethodAccessorImpl.invoke(NativeMethodAccessorImpl.java:62)\n\tat java.base/jdk.internal.reflect.DelegatingMethodAccessorImpl.invoke(DelegatingMethodAccessorImpl.java:43)\n\tat java.base/java.lang.reflect.Method.invoke(Method.java:564)\n\tat org.testng.internal.MethodInvocationHelper.invokeMethod(MethodInvocationHelper.java:124)\n\tat org.testng.internal.Invoker.invokeMethod(Invoker.java:583)\n\tat org.testng.internal.Invoker.invokeTestMethod(Invoker.java:719)\n\tat org.testng.internal.Invoker.invokeTestMethods(Invoker.java:989)\n\tat org.testng.internal.TestMethodWorker.invokeTestMethods(TestMethodWorker.java:125)\n\tat org.testng.internal.TestMethodWorker.run(TestMethodWorker.java:109)\n\tat org.testng.TestRunner.privateRun(TestRunner.java:648)\n\tat org.testng.TestRunner.run(TestRunner.java:505)\n\tat org.testng.SuiteRunner.runTest(SuiteRunner.java:455)\n\tat org.testng.SuiteRunner.runSequentially(SuiteRunner.java:450)\n\tat org.testng.SuiteRunner.privateRun(SuiteRunner.java:415)\n\tat org.testng.SuiteRunner.run(SuiteRunner.java:364)\n\tat org.testng.SuiteRunnerWorker.runSuite(SuiteRunnerWorker.java:52)\n\tat org.testng.SuiteRunnerWorker.run(SuiteRunnerWorker.java:84)\n\tat org.testng.TestNG.runSuitesSequentially(TestNG.java:1208)\n\tat org.testng.TestNG.runSuitesLocally(TestNG.java:1137)\n\tat org.testng.TestNG.runSuites(TestNG.java:1049)\n\tat org.testng.TestNG.run(TestNG.java:1017)\n\tat org.testng.IDEARemoteTestNG.run(IDEARemoteTestNG.java:73)\n\tat org.testng.RemoteTestNGStarter.main(RemoteTestNGStarter.java:123)\nCaused by: org.openqa.selenium.SessionNotCreatedException: session not created\nfrom disconnected: received Inspector.detached event\n  (Session info: chrome=75.0.3770.90)\nBuild info: version: '3.11.0', revision: 'e59cfb3', time: '2018-03-11T20:26:55.152Z'\nSystem info: host: 'Kehindes-MacBook-Pro.local', ip: '192.168.1.103', os.name: 'Mac OS X', os.arch: 'x86_64', os.version: '10.13.6', java.version: '10.0.2'\nDriver info: driver.version: ChromeDriver\nremote stacktrace: 0   chromedriver                        0x000000010471d8e9 chromedriver + 3594473\n1   chromedriver                        0x00000001046ad543 chromedriver + 3134787\n2   chromedriver                        0x000000010445929f chromedriver + 692895\n3   chromedriver                        0x000000010444caf2 chromedriver + 641778\n4   chromedriver                        0x000000010444c54b chromedriver + 640331\n5   chromedriver                        0x000000010444c28f chromedriver + 639631\n6   chromedriver                        0x000000010444b67e chromedriver + 636542\n7   chromedriver                        0x000000010444af8b chromedriver + 634763\n8   chromedriver                        0x000000010444af52 chromedriver + 634706\n9   chromedriver                        0x0000000104456af2 chromedriver + 682738\n10  chromedriver                        0x000000010444aefb chromedriver + 634619\n11  chromedriver                        0x000000010444bec2 chromedriver + 638658\n12  chromedriver                        0x000000010444b67e chromedriver + 636542\n13  chromedriver                        0x000000010444af8b chromedriver + 634763\n14  chromedriver                        0x000000010444af52 chromedriver + 634706\n15  chromedriver                        0x00000001044547a1 chromedriver + 673697\n16  chromedriver                        0x000000010444aefb chromedriver + 634619\n17  chromedriver                        0x000000010444bec2 chromedriver + 638658\n18  chromedriver                        0x000000010444b67e chromedriver + 636542\n19  chromedriver                        0x000000010444af8b chromedriver + 634763\n20  chromedriver                        0x000000010444af52 chromedriver + 634706\n21  chromedriver                        0x0000000104451b77 chromedriver + 662391\n22  chromedriver                        0x000000010444aefb chromedriver + 634619\n23  chromedriver                        0x000000010444bec2 chromedriver + 638658\n24  chromedriver                        0x000000010444b67e chromedriver + 636542\n25  chromedriver                        0x000000010444af8b chromedriver + 634763\n26  chromedriver                        0x000000010444af52 chromedriver + 634706\n27  chromedriver                        0x0000000104450fea chromedriver + 659434\n28  chromedriver                        0x000000010444aefb chromedriver + 634619\n29  chromedriver                        0x000000010444bec2 chromedriver + 638658\n30  chromedriver                        0x000000010444b67e chromedriver + 636542\n31  chromedriver                        0x000000010444af8b chromedriver + 634763\n32  chromedriver                        0x000000010444af52 chromedriver + 634706\n33  chromedriver                        0x0000000104445fd0 chromedriver + 614352\n34  chromedriver                        0x000000010444aefb chromedriver + 634619\n35  chromedriver                        0x000000010444ad63 chromedriver + 634211\n36  chromedriver                        0x000000010445a803 chromedriver + 698371\n37  chromedriver                        0x00000001043f00da chromedriver + 262362\n38  chromedriver                        0x00000001043ecd13 chromedriver + 249107\n39  chromedriver                        0x00000001043c978a chromedriver + 104330\n40  chromedriver                        0x00000001043ca7d5 chromedriver + 108501\n41  chromedriver                        0x00000001046dc555 chromedriver + 3327317\n42  chromedriver                        0x00000001046e7e60 chromedriver + 3374688\n43  chromedriver                        0x00000001046e7bf8 chromedriver + 3374072\n44  chromedriver                        0x00000001046bbd39 chromedriver + 3194169\n45  chromedriver                        0x00000001046e86d8 chromedriver + 3376856\n46  chromedriver                        0x00000001046cff27 chromedriver + 3276583\n47  chromedriver                        0x0000000104705064 chromedriver + 3493988\n48  chromedriver                        0x0000000104723617 chromedriver + 3618327\n49  libsystem_pthread.dylib             0x00007fff723c4661 _pthread_body + 340\n50  libsystem_pthread.dylib             0x00007fff723c450d _pthread_body + 0\n51  libsystem_pthread.dylib             0x00007fff723c3bf9 thread_start + 13\n\n\tat java.base/jdk.internal.reflect.NativeConstructorAccessorImpl.newInstance0(Native Method)\n\tat java.base/jdk.internal.reflect.NativeConstructorAccessorImpl.newInstance(NativeConstructorAccessorImpl.java:62)\n\tat java.base/jdk.internal.reflect.DelegatingConstructorAccessorImpl.newInstance(DelegatingConstructorAccessorImpl.java:45)\n\tat java.base/java.lang.reflect.Constructor.newInstance(Constructor.java:488)\n\tat org.openqa.selenium.remote.W3CHandshakeResponse.lambda$new$0(W3CHandshakeResponse.java:57)\n\tat org.openqa.selenium.remote.W3CHandshakeResponse.lambda$getResponseFunction$2(W3CHandshakeResponse.java:104)\n\tat org.openqa.selenium.remote.ProtocolHandshake.lambda$createSession$0(ProtocolHandshake.java:123)\n\tat java.base/java.util.stream.ReferencePipeline$3$1.accept(ReferencePipeline.java:195)\n\tat java.base/java.util.Spliterators$ArraySpliterator.tryAdvance(Spliterators.java:958)\n\tat java.base/java.util.stream.ReferencePipeline.forEachWithCancel(ReferencePipeline.java:127)\n\tat java.base/java.util.stream.AbstractPipeline.copyIntoWithCancel(AbstractPipeline.java:502)\n\tat java.base/java.util.stream.AbstractPipeline.copyInto(AbstractPipeline.java:488)\n\tat java.base/java.util.stream.AbstractPipeline.wrapAndCopyInto(AbstractPipeline.java:474)\n\tat java.base/java.util.stream.FindOps$FindOp.evaluateSequential(FindOps.java:150)\n\tat java.base/java.util.stream.AbstractPipeline.evaluate(AbstractPipeline.java:234)\n\tat java.base/java.util.stream.ReferencePipeline.findFirst(ReferencePipeline.java:543)\n\tat org.openqa.selenium.remote.ProtocolHandshake.createSession(ProtocolHandshake.java:126)\n\tat org.openqa.selenium.remote.ProtocolHandshake.createSession(ProtocolHandshake.java:73)\n\tat org.openqa.selenium.remote.HttpCommandExecutor.execute(HttpCommandExecutor.java:136)\n\tat org.openqa.selenium.remote.service.DriverCommandExecutor.execute(DriverCommandExecutor.java:83)\n\tat org.openqa.selenium.remote.RemoteWebDriver.execute(RemoteWebDriver.java:545)\n\tat org.openqa.selenium.remote.RemoteWebDriver.startSession(RemoteWebDriver.java:209)\n\tat org.openqa.selenium.remote.RemoteWebDriver.<init>(RemoteWebDriver.java:132)\n\tat org.openqa.selenium.chrome.ChromeDriver.<init>(ChromeDriver.java:181)\n\tat org.openqa.selenium.chrome.ChromeDriver.<init>(ChromeDriver.java:168)\n\tat org.openqa.selenium.chrome.ChromeDriver.<init>(ChromeDriver.java:123)\n\tat com.fblogin.tests.init.Init.initProperties(Init.java:26)\n\tat com.fblogin.stepsdefinition.SpringboardStepDefinition.i_navigate_to_https_springboardretail_github_io_qa_recruiting(Unknown Source)\n\tat âœ½.Given I navigate to https://springboardretail.github.io/qa-recruiting/(Srpingboard.feature:5)\n"},"stage":"finished","steps":[],"attachments":[],"parameters":[{"name":"arg0","value":"Springboard page https://springboardretail.github.io/qa-recruiting/"}],"start":1560490947585,"stop":1560490971262,"uuid":"8523a886-54af-4780-89c0-9d9d7a930cc9","historyId":"a1440eb994bb0cdfc9e72af7f26779aa","fullName":"com.fblogin.testrunner.TestRunners.feature","labels":[{"name":"package","value":"com.fblogin.testrunner.TestRunners"},{"name":"testClass","value":"com.fblogin.testrunner.TestRunners"},{"name":"testMethod","value":"feature"},{"name":"parentSuite","value":"All Test Suite"},{"name":"suite","value":"/Users/kehindeadeoya/Documents/projects/FBLogin/src/com/fblogin/testrunner/TestRunner.java"},{"name":"subSuite","value":"com.fblogin.testrunner.TestRunners"},{"name":"host","value":"Kehindes-MacBook-Pro.local"},{"name":"thread","value":"5278@Kehindes-MacBook-Pro.local.main(1)"},{"name":"framework","value":"testng"},{"name":"language","value":"java"}],"links":[]}